<?xml version="1.0" encoding="UTF-8"?>
<!-- Generated by org.testng.reporters.JUnitReportReporter -->
<testsuite hostname="JayU31" name="amazon.HomePage" tests="2" failures="0" timestamp="10 May 2018 17:20:31 GMT" time="51.601" errors="0">
  <testcase name="basePageNavigation" time="15.203" classname="amazon.HomePage"/>
  <testcase name="basePageNavigation" time="36.398" classname="amazon.HomePage"/>
</testsuite> <!-- amazon.HomePage -->
