<?xml version="1.0" encoding="UTF-8"?>
<!-- Generated by org.testng.reporters.JUnitReportReporter -->
<testsuite hostname="JayU31" name="amazon.SearchValidate" tests="1" failures="0" timestamp="10 May 2018 17:20:31 GMT" time="28.408" errors="0">
  <testcase name="basePageNavigation" time="28.408" classname="amazon.SearchValidate"/>
</testsuite> <!-- amazon.SearchValidate -->
