<?xml version="1.0" encoding="UTF-8"?>
<!-- Generated by org.testng.reporters.JUnitReportReporter -->
<testsuite hostname="JayU31" name="amazon.Navigation" tests="1" failures="0" timestamp="10 May 2018 17:15:50 GMT" time="0.013" errors="0">
  <testcase name="basePageNavigation" time="0.013" classname="amazon.Navigation"/>
</testsuite> <!-- amazon.Navigation -->
