<?xml version="1.0" encoding="UTF-8"?>
<!-- Generated by org.testng.reporters.JUnitReportReporter -->
<testsuite hostname="JayU31" name="amazon.ValidateTitle" tests="1" failures="0" timestamp="10 May 2018 17:15:50 GMT" time="0.002" errors="0">
  <testcase name="basePageNavigation" time="0.002" classname="amazon.ValidateTitle"/>
</testsuite> <!-- amazon.ValidateTitle -->
